# JRE version: OpenJDK Runtime Environment (8.0_171-b11) (build 1.8.0_171-8u171-b11-1~bpo8+1-b11)
# Java VM: OpenJDK 64-Bit Server VM (25.171-b11 mixed mode linux-amd64 compressed oops)
Heap:
 PSYoungGen      total 315904K, used 132496K [0x00000000eab00000, 0x0000000100000000, 0x0000000100000000)
  eden space 282624K, 46% used [0x00000000eab00000,0x00000000f2ac6f98,0x00000000fbf00000)
  from space 33280K, 4% used [0x00000000fbf00000,0x00000000fc09d430,0x00000000fdf80000)
  to   space 33280K, 0% used [0x00000000fdf80000,0x00000000fdf80000,0x0000000100000000)
 ParOldGen       total 107520K, used 68251K [0x00000000c0000000, 0x00000000c6900000, 0x00000000eab00000)
  object space 107520K, 63% used [0x00000000c0000000,0x00000000c42a6f40,0x00000000c6900000)
 Metaspace       used 81232K, capacity 81980K, committed 82176K, reserved 1120256K
  class space    used 11009K, capacity 11191K, committed 11264K, reserved 1048576K
GC Heap History (10 events):
Event: 7.302 GC heap before
{Heap before GC invocations=12 (full 2):
 PSYoungGen      total 226816K, used 125014K [0x00000000eab00000, 0x00000000fe680000, 0x0000000100000000)
  eden space 215552K, 52% used [0x00000000eab00000,0x00000000f1a1d128,0x00000000f7d80000)
  from space 11264K, 99% used [0x00000000f7d80000,0x00000000f8878970,0x00000000f8880000)
  to   space 17920K, 0% used [0x00000000fd500000,0x00000000fd500000,0x00000000fe680000)
 ParOldGen       total 70656K, used 20945K [0x00000000c0000000, 0x00000000c4500000, 0x00000000eab00000)
  object space 70656K, 29% used [0x00000000c0000000,0x00000000c1474670,0x00000000c4500000)
 Metaspace       used 58192K, capacity 58488K, committed 59008K, reserved 1099776K
  class space    used 8068K, capacity 8198K, committed 8320K, reserved 1048576K
Event: 7.312 GC heap after
Heap after GC invocations=12 (full 2):
 PSYoungGen      total 302592K, used 17389K [0x00000000eab00000, 0x00000000fea80000, 0x0000000100000000)
  eden space 284672K, 0% used [0x00000000eab00000,0x00000000eab00000,0x00000000fc100000)
  from space 17920K, 97% used [0x00000000fd500000,0x00000000fe5fb778,0x00000000fe680000)
  to   space 20480K, 0% used [0x00000000fc100000,0x00000000fc100000,0x00000000fd500000)
 ParOldGen       total 70656K, used 20953K [0x00000000c0000000, 0x00000000c4500000, 0x00000000eab00000)
  object space 70656K, 29% used [0x00000000c0000000,0x00000000c1476670,0x00000000c4500000)
 Metaspace       used 58192K, capacity 58488K, committed 59008K, reserved 1099776K
  class space    used 8068K, capacity 8198K, committed 8320K, reserved 1048576K
}
Event: 7.313 GC heap before
{Heap before GC invocations=13 (full 3):
 PSYoungGen      total 302592K, used 17389K [0x00000000eab00000, 0x00000000fea80000, 0x0000000100000000)
  eden space 284672K, 0% used [0x00000000eab00000,0x00000000eab00000,0x00000000fc100000)
  from space 17920K, 97% used [0x00000000fd500000,0x00000000fe5fb778,0x00000000fe680000)
  to   space 20480K, 0% used [0x00000000fc100000,0x00000000fc100000,0x00000000fd500000)
 ParOldGen       total 70656K, used 20953K [0x00000000c0000000, 0x00000000c4500000, 0x00000000eab00000)
  object space 70656K, 29% used [0x00000000c0000000,0x00000000c1476670,0x00000000c4500000)
 Metaspace       used 58192K, capacity 58488K, committed 59008K, reserved 1099776K
  class space    used 8068K, capacity 8198K, committed 8320K, reserved 1048576K
Event: 7.396 GC heap after
Heap after GC invocations=13 (full 3):
 PSYoungGen      total 302592K, used 0K [0x00000000eab00000, 0x00000000fea80000, 0x0000000100000000)
  eden space 284672K, 0% used [0x00000000eab00000,0x00000000eab00000,0x00000000fc100000)
  from space 17920K, 0% used [0x00000000fd500000,0x00000000fd500000,0x00000000fe680000)
  to   space 20480K, 0% used [0x00000000fc100000,0x00000000fc100000,0x00000000fd500000)
 ParOldGen       total 107520K, used 24156K [0x00000000c0000000, 0x00000000c6900000, 0x00000000eab00000)
  object space 107520K, 22% used [0x00000000c0000000,0x00000000c1797008,0x00000000c6900000)
 Metaspace       used 58192K, capacity 58488K, committed 59008K, reserved 1099776K
  class space    used 8068K, capacity 8198K, committed 8320K, reserved 1048576K
}
Event: 8.765 GC heap before
{Heap before GC invocations=14 (full 3):
 PSYoungGen      total 302592K, used 275153K [0x00000000eab00000, 0x00000000fea80000, 0x0000000100000000)
  eden space 284672K, 96% used [0x00000000eab00000,0x00000000fb7b47c0,0x00000000fc100000)
  from space 17920K, 0% used [0x00000000fd500000,0x00000000fd500000,0x00000000fe680000)
  to   space 20480K, 0% used [0x00000000fc100000,0x00000000fc100000,0x00000000fd500000)
 ParOldGen       total 107520K, used 24156K [0x00000000c0000000, 0x00000000c6900000, 0x00000000eab00000)
  object space 107520K, 22% used [0x00000000c0000000,0x00000000c1797008,0x00000000c6900000)
 Metaspace       used 73358K, capacity 73860K, committed 74112K, reserved 1114112K
  class space    used 10214K, capacity 10359K, committed 10368K, reserved 1048576K
Event: 8.777 GC heap after
Heap after GC invocations=14 (full 3):
 PSYoungGen      total 305152K, used 16074K [0x00000000eab00000, 0x0000000100000000, 0x0000000100000000)
  eden space 284672K, 0% used [0x00000000eab00000,0x00000000eab00000,0x00000000fc100000)
  from space 20480K, 78% used [0x00000000fc100000,0x00000000fd0b2a00,0x00000000fd500000)
  to   space 22016K, 0% used [0x00000000fea80000,0x00000000fea80000,0x0000000100000000)
 ParOldGen       total 107520K, used 24164K [0x00000000c0000000, 0x00000000c6900000, 0x00000000eab00000)
  object space 107520K, 22% used [0x00000000c0000000,0x00000000c1799008,0x00000000c6900000)
 Metaspace       used 73358K, capacity 73860K, committed 74112K, reserved 1114112K
  class space    used 10214K, capacity 10359K, committed 10368K, reserved 1048576K
}
Event: 13.014 GC heap before
{Heap before GC invocations=15 (full 3):
 PSYoungGen      total 305152K, used 300746K [0x00000000eab00000, 0x0000000100000000, 0x0000000100000000)
  eden space 284672K, 100% used [0x00000000eab00000,0x00000000fc100000,0x00000000fc100000)
  from space 20480K, 78% used [0x00000000fc100000,0x00000000fd0b2a00,0x00000000fd500000)
  to   space 22016K, 0% used [0x00000000fea80000,0x00000000fea80000,0x0000000100000000)
 ParOldGen       total 107520K, used 24164K [0x00000000c0000000, 0x00000000c6900000, 0x00000000eab00000)
  object space 107520K, 22% used [0x00000000c0000000,0x00000000c1799008,0x00000000c6900000)
 Metaspace       used 78445K, capacity 79192K, committed 79360K, reserved 1118208K
  class space    used 10790K, capacity 10999K, committed 11008K, reserved 1048576K
Event: 13.036 GC heap after
Heap after GC invocations=15 (full 3):
 PSYoungGen      total 304640K, used 22008K [0x00000000eab00000, 0x0000000100000000, 0x0000000100000000)
  eden space 282624K, 0% used [0x00000000eab00000,0x00000000eab00000,0x00000000fbf00000)
  from space 22016K, 99% used [0x00000000fea80000,0x00000000ffffe170,0x0000000100000000)
  to   space 33280K, 0% used [0x00000000fbf00000,0x00000000fbf00000,0x00000000fdf80000)
 ParOldGen       total 107520K, used 46480K [0x00000000c0000000, 0x00000000c6900000, 0x00000000eab00000)
  object space 107520K, 43% used [0x00000000c0000000,0x00000000c2d64260,0x00000000c6900000)
 Metaspace       used 78445K, capacity 79192K, committed 79360K, reserved 1118208K
  class space    used 10790K, capacity 10999K, committed 11008K, reserved 1048576K
}
Event: 17.901 GC heap before
{Heap before GC invocations=16 (full 3):
 PSYoungGen      total 304640K, used 304632K [0x00000000eab00000, 0x0000000100000000, 0x0000000100000000)
  eden space 282624K, 100% used [0x00000000eab00000,0x00000000fbf00000,0x00000000fbf00000)
  from space 22016K, 99% used [0x00000000fea80000,0x00000000ffffe170,0x0000000100000000)
  to   space 33280K, 0% used [0x00000000fbf00000,0x00000000fbf00000,0x00000000fdf80000)
 ParOldGen       total 107520K, used 46480K [0x00000000c0000000, 0x00000000c6900000, 0x00000000eab00000)
  object space 107520K, 43% used [0x00000000c0000000,0x00000000c2d64260,0x00000000c6900000)
 Metaspace       used 79898K, capacity 80642K, committed 80768K, reserved 1118208K
  class space    used 10884K, capacity 11070K, committed 11136K, reserved 1048576K
Event: 17.919 GC heap after
Heap after GC invocations=16 (full 3):
 PSYoungGen      total 315904K, used 1653K [0x00000000eab00000, 0x0000000100000000, 0x0000000100000000)
  eden space 282624K, 0% used [0x00000000eab00000,0x00000000eab00000,0x00000000fbf00000)
  from space 33280K, 4% used [0x00000000fbf00000,0x00000000fc09d430,0x00000000fdf80000)
  to   space 33280K, 0% used [0x00000000fdf80000,0x00000000fdf80000,0x0000000100000000)
 ParOldGen       total 107520K, used 68251K [0x00000000c0000000, 0x00000000c6900000, 0x00000000eab00000)
  object space 107520K, 63% used [0x00000000c0000000,0x00000000c42a6f40,0x00000000c6900000)
 Metaspace       used 79898K, capacity 80642K, committed 80768K, reserved 1118208K
  class space    used 10884K, capacity 11070K, committed 11136K, reserved 1048576K
}

