# JRE version: OpenJDK Runtime Environment (8.0_265-b01) (build 1.8.0_265-8u265-b01-0ubuntu2~18.04-b01)
# Java VM: OpenJDK 64-Bit Server VM (25.265-b01 mixed mode linux-amd64 compressed oops)
Heap:
 PSYoungGen      total 85504K, used 38305K [0x000000076ab00000, 0x0000000770680000, 0x00000007c0000000)
  eden space 79360K, 44% used [0x000000076ab00000,0x000000076cd20888,0x000000076f880000)
  from space 6144K, 54% used [0x000000076ff00000,0x0000000770247bd0,0x0000000770500000)
  to   space 6656K, 0% used [0x000000076f880000,0x000000076f880000,0x000000076ff00000)
 ParOldGen       total 118784K, used 50913K [0x00000006c0000000, 0x00000006c7400000, 0x000000076ab00000)
  object space 118784K, 42% used [0x00000006c0000000,0x00000006c31b84b0,0x00000006c7400000)
 Metaspace       used 61358K, capacity 62064K, committed 62248K, reserved 1103872K
  class space    used 8281K, capacity 8457K, committed 8496K, reserved 1048576K
GC Heap History (10 events):
Event: 44.553 GC heap before
{Heap before GC invocations=65 (full 2):
 PSYoungGen      total 73728K, used 73651K [0x000000076ab00000, 0x000000076fd00000, 0x00000007c0000000)
  eden space 68096K, 100% used [0x000000076ab00000,0x000000076ed80000,0x000000076ed80000)
  from space 5632K, 98% used [0x000000076f400000,0x000000076f96ce68,0x000000076f980000)
  to   space 6656K, 0% used [0x000000076ed80000,0x000000076ed80000,0x000000076f400000)
 ParOldGen       total 52736K, used 15556K [0x00000006c0000000, 0x00000006c3380000, 0x000000076ab00000)
  object space 52736K, 29% used [0x00000006c0000000,0x00000006c0f31298,0x00000006c3380000)
 Metaspace       used 57548K, capacity 58102K, committed 58408K, reserved 1099776K
  class space    used 7717K, capacity 7868K, committed 7984K, reserved 1048576K
Event: 44.567 GC heap after
Heap after GC invocations=65 (full 2):
 PSYoungGen      total 74752K, used 3526K [0x000000076ab00000, 0x0000000770200000, 0x00000007c0000000)
  eden space 68096K, 0% used [0x000000076ab00000,0x000000076ab00000,0x000000076ed80000)
  from space 6656K, 52% used [0x000000076ed80000,0x000000076f0f1988,0x000000076f400000)
  to   space 7168K, 0% used [0x000000076fb00000,0x000000076fb00000,0x0000000770200000)
 ParOldGen       total 52736K, used 48332K [0x00000006c0000000, 0x00000006c3380000, 0x000000076ab00000)
  object space 52736K, 91% used [0x00000006c0000000,0x00000006c2f332b8,0x00000006c3380000)
 Metaspace       used 57548K, capacity 58102K, committed 58408K, reserved 1099776K
  class space    used 7717K, capacity 7868K, committed 7984K, reserved 1048576K
}
Event: 44.567 GC heap before
{Heap before GC invocations=66 (full 3):
 PSYoungGen      total 74752K, used 3526K [0x000000076ab00000, 0x0000000770200000, 0x00000007c0000000)
  eden space 68096K, 0% used [0x000000076ab00000,0x000000076ab00000,0x000000076ed80000)
  from space 6656K, 52% used [0x000000076ed80000,0x000000076f0f1988,0x000000076f400000)
  to   space 7168K, 0% used [0x000000076fb00000,0x000000076fb00000,0x0000000770200000)
 ParOldGen       total 52736K, used 48332K [0x00000006c0000000, 0x00000006c3380000, 0x000000076ab00000)
  object space 52736K, 91% used [0x00000006c0000000,0x00000006c2f332b8,0x00000006c3380000)
 Metaspace       used 57548K, capacity 58102K, committed 58408K, reserved 1099776K
  class space    used 7717K, capacity 7868K, committed 7984K, reserved 1048576K
Event: 44.707 GC heap after
Heap after GC invocations=66 (full 3):
 PSYoungGen      total 74752K, used 0K [0x000000076ab00000, 0x0000000770200000, 0x00000007c0000000)
  eden space 68096K, 0% used [0x000000076ab00000,0x000000076ab00000,0x000000076ed80000)
  from space 6656K, 0% used [0x000000076ed80000,0x000000076ed80000,0x000000076f400000)
  to   space 7168K, 0% used [0x000000076fb00000,0x000000076fb00000,0x0000000770200000)
 ParOldGen       total 118784K, used 50889K [0x00000006c0000000, 0x00000006c7400000, 0x000000076ab00000)
  object space 118784K, 42% used [0x00000006c0000000,0x00000006c31b24b0,0x00000006c7400000)
 Metaspace       used 57533K, capacity 58072K, committed 58408K, reserved 1099776K
  class space    used 7714K, capacity 7863K, committed 7984K, reserved 1048576K
}
Event: 47.489 GC heap before
{Heap before GC invocations=67 (full 3):
 PSYoungGen      total 74752K, used 68096K [0x000000076ab00000, 0x0000000770200000, 0x00000007c0000000)
  eden space 68096K, 100% used [0x000000076ab00000,0x000000076ed80000,0x000000076ed80000)
  from space 6656K, 0% used [0x000000076ed80000,0x000000076ed80000,0x000000076f400000)
  to   space 7168K, 0% used [0x000000076fb00000,0x000000076fb00000,0x0000000770200000)
 ParOldGen       total 118784K, used 50889K [0x00000006c0000000, 0x00000006c7400000, 0x000000076ab00000)
  object space 118784K, 42% used [0x00000006c0000000,0x00000006c31b24b0,0x00000006c7400000)
 Metaspace       used 58832K, capacity 59462K, committed 59816K, reserved 1101824K
  class space    used 7902K, capacity 8088K, committed 8112K, reserved 1048576K
Event: 47.493 GC heap after
Heap after GC invocations=67 (full 3):
 PSYoungGen      total 79872K, used 2279K [0x000000076ab00000, 0x0000000770080000, 0x00000007c0000000)
  eden space 74240K, 0% used [0x000000076ab00000,0x000000076ab00000,0x000000076f380000)
  from space 5632K, 40% used [0x000000076fb00000,0x000000076fd39d88,0x0000000770080000)
  to   space 6656K, 0% used [0x000000076f380000,0x000000076f380000,0x000000076fa00000)
 ParOldGen       total 118784K, used 50897K [0x00000006c0000000, 0x00000006c7400000, 0x000000076ab00000)
  object space 118784K, 42% used [0x00000006c0000000,0x00000006c31b44b0,0x00000006c7400000)
 Metaspace       used 58832K, capacity 59462K, committed 59816K, reserved 1101824K
  class space    used 7902K, capacity 8088K, committed 8112K, reserved 1048576K
}
Event: 49.770 GC heap before
{Heap before GC invocations=68 (full 3):
 PSYoungGen      total 79872K, used 76519K [0x000000076ab00000, 0x0000000770080000, 0x00000007c0000000)
  eden space 74240K, 100% used [0x000000076ab00000,0x000000076f380000,0x000000076f380000)
  from space 5632K, 40% used [0x000000076fb00000,0x000000076fd39d88,0x0000000770080000)
  to   space 6656K, 0% used [0x000000076f380000,0x000000076f380000,0x000000076fa00000)
 ParOldGen       total 118784K, used 50897K [0x00000006c0000000, 0x00000006c7400000, 0x000000076ab00000)
  object space 118784K, 42% used [0x00000006c0000000,0x00000006c31b44b0,0x00000006c7400000)
 Metaspace       used 59029K, capacity 59670K, committed 60072K, reserved 1101824K
  class space    used 7924K, capacity 8090K, committed 8112K, reserved 1048576K
Event: 49.772 GC heap after
Heap after GC invocations=68 (full 3):
 PSYoungGen      total 80896K, used 1128K [0x000000076ab00000, 0x0000000770500000, 0x00000007c0000000)
  eden space 74240K, 0% used [0x000000076ab00000,0x000000076ab00000,0x000000076f380000)
  from space 6656K, 16% used [0x000000076f380000,0x000000076f49a210,0x000000076fa00000)
  to   space 6144K, 0% used [0x000000076ff00000,0x000000076ff00000,0x0000000770500000)
 ParOldGen       total 118784K, used 50905K [0x00000006c0000000, 0x00000006c7400000, 0x000000076ab00000)
  object space 118784K, 42% used [0x00000006c0000000,0x00000006c31b64b0,0x00000006c7400000)
 Metaspace       used 59029K, capacity 59670K, committed 60072K, reserved 1101824K
  class space    used 7924K, capacity 8090K, committed 8112K, reserved 1048576K
}
Event: 50.221 GC heap before
{Heap before GC invocations=69 (full 3):
 PSYoungGen      total 80896K, used 75368K [0x000000076ab00000, 0x0000000770500000, 0x00000007c0000000)
  eden space 74240K, 100% used [0x000000076ab00000,0x000000076f380000,0x000000076f380000)
  from space 6656K, 16% used [0x000000076f380000,0x000000076f49a210,0x000000076fa00000)
  to   space 6144K, 0% used [0x000000076ff00000,0x000000076ff00000,0x0000000770500000)
 ParOldGen       total 118784K, used 50905K [0x00000006c0000000, 0x00000006c7400000, 0x000000076ab00000)
  object space 118784K, 42% used [0x00000006c0000000,0x00000006c31b64b0,0x00000006c7400000)
 Metaspace       used 60911K, capacity 61658K, committed 61992K, reserved 1103872K
  class space    used 8229K, capacity 8416K, committed 8496K, reserved 1048576K
Event: 50.226 GC heap after
Heap after GC invocations=69 (full 3):
 PSYoungGen      total 85504K, used 3358K [0x000000076ab00000, 0x0000000770680000, 0x00000007c0000000)
  eden space 79360K, 0% used [0x000000076ab00000,0x000000076ab00000,0x000000076f880000)
  from space 6144K, 54% used [0x000000076ff00000,0x0000000770247bd0,0x0000000770500000)
  to   space 6656K, 0% used [0x000000076f880000,0x000000076f880000,0x000000076ff00000)
 ParOldGen       total 118784K, used 50913K [0x00000006c0000000, 0x00000006c7400000, 0x000000076ab00000)
  object space 118784K, 42% used [0x00000006c0000000,0x00000006c31b84b0,0x00000006c7400000)
 Metaspace       used 60911K, capacity 61658K, committed 61992K, reserved 1103872K
  class space    used 8229K, capacity 8416K, committed 8496K, reserved 1048576K
}

